
ROM used: 3063 (39%)
          3658 (46%) including unused fragments

          1 Average locations per line
          9 Average locations per statement

RAM used: 135 (38%) at main() level
          155 (43%) worst case

Stack used: 7 worst case (out of 7 total available)

Lines Stmts  %   Files
----- ----- ---  -----
  192    90  25  ControladorES.c
  330     0   0  C:\Archivos de programa\PICC\devices\16F877A.h
  116    11   3  C:\Archivos de programa\PICC\drivers\in_out.c
 1850   230  64  C:\Archivos de programa\PICC\drivers\modbus.c
   60     0   0  C:\Archivos de programa\PICC\drivers\EEPROMmemory.c
  104    29   8  C:\Archivos de programa\PICC\drivers\rtcDS1307.c
----- -----
 2652   360 Total

Page ROM  %  RAM   Vol Diff  Functions:
---- --- --- ---   --- ----  ----------
0     68   2   3   226  3.9  complement
0     16   1   0   272  1.6  in_out_init
0     11   0   0             @GETCH_BIU_1
0    263   9   0             @const132
0    263   9   0             @const134
0      9   0   0   172  2.7  RCV_ON
0     15   0   0   130  2.3  modbus_init
0     16   1   1   121  2.2  modbus_enable_timeout
0     31   1   0   254  5.0  modbus_timeout_now
0     18   1   2   256  3.7  modbus_calc_crc
0     23   1   1   131  2.6  modbus_serial_putc
0     72   2   3   749  6.3  incomming_modbus_serial
0     22   1   2   262  4.5  modbus_serial_send_start
0     29   1   2   413  5.7  modbus_serial_send_stop
0     20   1   0   225  5.4  modbus_kbhit
 Inline        8   351  5.5  modbus_read_holding_registers_rsp
 Inline        8   351  5.5  modbus_read_input_registers_rsp
 Inline        6   270  2.1  modbus_write_single_coil_rsp
 Inline        6   270  2.1  modbus_write_multiple_registers_rsp
 Inline        6   125  1.9  modbus_exception_rsp
0     77   3   3             @I2C_READ_1
0     76   2   1             @I2C_WRITE_1
0     28   1   2    74  3.1  dec_to_bcd
0     23   1   3             @DIV88
0     21   1   3   155  4.7  bcd_to_dec
0    133   4   6   354  2.1  rtc_init
 Inline        8   627  3.3  real_time
0     55   2   7   310  5.0  regist_data
0     49   2   7   282  4.5  conf_data
0     57   2   0   112  2.6  clean_registers
1   1610  53   4  4585 13.0  MAIN

Program metrics:
    Functions               25
    Statements              360
    Comments                629
    Volume (V)              18288
    Difficilty (D)          102.2
    Effort to implement (E) 1868939
    Time to implement (T)   28 hours, 50 minutes
    Est Delivered Bugs (B)  5
    Cyclomatic Complexity   26
    Maintainability (MI)    143

 Segment     Used  Free
-----------  ----  ----
00000-00003     4  0  
00004-00039    54  0  
0003A-007FF  1395  595  
00800-00FFF  1610  438  
01000-017FF     0  2048  
01800-01EFF     0  1792  



